{"/home/alex/workspace/rupurt/eve/pkgs/reactor/src/error.ts": {"path":"/home/alex/workspace/rupurt/eve/pkgs/reactor/src/error.ts","all":false,"statementMap":{"0":{"start":{"line":1,"column":0},"end":{"line":1,"column":3}},"1":{"start":{"line":2,"column":0},"end":{"line":2,"column":31}},"2":{"start":{"line":3,"column":0},"end":{"line":3,"column":2}},"3":{"start":{"line":4,"column":0},"end":{"line":4,"column":56}},"4":{"start":{"line":5,"column":0},"end":{"line":5,"column":2}},"5":{"start":{"line":6,"column":0},"end":{"line":6,"column":3}},"6":{"start":{"line":7,"column":0},"end":{"line":7,"column":35}},"7":{"start":{"line":8,"column":0},"end":{"line":8,"column":0}},"8":{"start":{"line":9,"column":0},"end":{"line":9,"column":42}},"9":{"start":{"line":10,"column":0},"end":{"line":10,"column":0}},"10":{"start":{"line":11,"column":0},"end":{"line":11,"column":45}}},"s":{"0":1,"1":1,"2":1,"3":1,"4":1,"5":1,"6":1,"7":1,"8":1,"9":1,"10":1},"branchMap":{},"b":{},"fnMap":{},"f":{}}
,"/home/alex/workspace/rupurt/eve/pkgs/reactor/src/lib.ts": {"path":"/home/alex/workspace/rupurt/eve/pkgs/reactor/src/lib.ts","all":false,"statementMap":{"0":{"start":{"line":1,"column":0},"end":{"line":1,"column":29}},"1":{"start":{"line":2,"column":0},"end":{"line":2,"column":27}},"2":{"start":{"line":3,"column":0},"end":{"line":3,"column":28}}},"s":{"0":1,"1":1,"2":1},"branchMap":{},"b":{},"fnMap":{},"f":{}}
,"/home/alex/workspace/rupurt/eve/pkgs/reactor/src/logger.ts": {"path":"/home/alex/workspace/rupurt/eve/pkgs/reactor/src/logger.ts","all":false,"statementMap":{"0":{"start":{"line":1,"column":0},"end":{"line":1,"column":51}},"1":{"start":{"line":2,"column":0},"end":{"line":2,"column":0}},"2":{"start":{"line":3,"column":0},"end":{"line":3,"column":47}},"3":{"start":{"line":4,"column":0},"end":{"line":4,"column":26}},"4":{"start":{"line":5,"column":0},"end":{"line":5,"column":1}},"5":{"start":{"line":6,"column":0},"end":{"line":6,"column":0}},"6":{"start":{"line":7,"column":0},"end":{"line":7,"column":18}}},"s":{"0":1,"1":1,"2":22,"3":22,"4":22,"5":1,"6":1},"branchMap":{"0":{"type":"branch","line":3,"loc":{"start":{"line":3,"column":0},"end":{"line":5,"column":1}},"locations":[{"start":{"line":3,"column":0},"end":{"line":5,"column":1}}]},"1":{"type":"branch","line":4,"loc":{"start":{"line":4,"column":14},"end":{"line":4,"column":24}},"locations":[{"start":{"line":4,"column":14},"end":{"line":4,"column":24}}]}},"b":{"0":[22],"1":[1]},"fnMap":{"0":{"name":"logger","decl":{"start":{"line":3,"column":0},"end":{"line":5,"column":1}},"loc":{"start":{"line":3,"column":0},"end":{"line":5,"column":1}},"line":3}},"f":{"0":22}}
,"/home/alex/workspace/rupurt/eve/pkgs/reactor/src/reactor.ts": {"path":"/home/alex/workspace/rupurt/eve/pkgs/reactor/src/reactor.ts","all":false,"statementMap":{"0":{"start":{"line":1,"column":0},"end":{"line":1,"column":39}},"1":{"start":{"line":2,"column":0},"end":{"line":2,"column":30}},"2":{"start":{"line":3,"column":0},"end":{"line":3,"column":0}},"3":{"start":{"line":4,"column":0},"end":{"line":4,"column":37}},"4":{"start":{"line":5,"column":0},"end":{"line":5,"column":63}},"5":{"start":{"line":6,"column":0},"end":{"line":6,"column":0}},"6":{"start":{"line":7,"column":0},"end":{"line":7,"column":3}},"7":{"start":{"line":8,"column":0},"end":{"line":8,"column":18}},"8":{"start":{"line":9,"column":0},"end":{"line":9,"column":3}},"9":{"start":{"line":10,"column":0},"end":{"line":10,"column":23}},"10":{"start":{"line":11,"column":0},"end":{"line":11,"column":24}},"11":{"start":{"line":12,"column":0},"end":{"line":12,"column":36}},"12":{"start":{"line":13,"column":0},"end":{"line":13,"column":2}},"13":{"start":{"line":14,"column":0},"end":{"line":14,"column":0}},"14":{"start":{"line":15,"column":0},"end":{"line":15,"column":3}},"15":{"start":{"line":16,"column":0},"end":{"line":16,"column":24}},"16":{"start":{"line":17,"column":0},"end":{"line":17,"column":3}},"17":{"start":{"line":18,"column":0},"end":{"line":18,"column":15}},"18":{"start":{"line":19,"column":0},"end":{"line":19,"column":36}},"19":{"start":{"line":20,"column":0},"end":{"line":20,"column":45}},"20":{"start":{"line":21,"column":0},"end":{"line":21,"column":33}},"21":{"start":{"line":22,"column":0},"end":{"line":22,"column":46}},"22":{"start":{"line":23,"column":0},"end":{"line":23,"column":66}},"23":{"start":{"line":24,"column":0},"end":{"line":24,"column":42}},"24":{"start":{"line":25,"column":0},"end":{"line":25,"column":70}},"25":{"start":{"line":26,"column":0},"end":{"line":26,"column":45}},"26":{"start":{"line":27,"column":0},"end":{"line":27,"column":68}},"27":{"start":{"line":28,"column":0},"end":{"line":28,"column":0}},"28":{"start":{"line":29,"column":0},"end":{"line":29,"column":5}},"29":{"start":{"line":30,"column":0},"end":{"line":30,"column":24}},"30":{"start":{"line":31,"column":0},"end":{"line":31,"column":4}},"31":{"start":{"line":32,"column":0},"end":{"line":32,"column":26}},"32":{"start":{"line":33,"column":0},"end":{"line":33,"column":33}},"33":{"start":{"line":34,"column":0},"end":{"line":34,"column":5}},"34":{"start":{"line":35,"column":0},"end":{"line":35,"column":47}},"35":{"start":{"line":36,"column":0},"end":{"line":36,"column":44}},"36":{"start":{"line":37,"column":0},"end":{"line":37,"column":56}},"37":{"start":{"line":38,"column":0},"end":{"line":38,"column":3}},"38":{"start":{"line":39,"column":0},"end":{"line":39,"column":0}},"39":{"start":{"line":40,"column":0},"end":{"line":40,"column":5}},"40":{"start":{"line":41,"column":0},"end":{"line":41,"column":27}},"41":{"start":{"line":42,"column":0},"end":{"line":42,"column":4}},"42":{"start":{"line":43,"column":0},"end":{"line":43,"column":31}},"43":{"start":{"line":44,"column":0},"end":{"line":44,"column":5}},"44":{"start":{"line":45,"column":0},"end":{"line":45,"column":24}},"45":{"start":{"line":46,"column":0},"end":{"line":46,"column":24}},"46":{"start":{"line":47,"column":0},"end":{"line":47,"column":3}},"47":{"start":{"line":48,"column":0},"end":{"line":48,"column":0}},"48":{"start":{"line":49,"column":0},"end":{"line":49,"column":5}},"49":{"start":{"line":50,"column":0},"end":{"line":50,"column":22}},"50":{"start":{"line":51,"column":0},"end":{"line":51,"column":5}},"51":{"start":{"line":52,"column":0},"end":{"line":52,"column":17}},"52":{"start":{"line":53,"column":0},"end":{"line":53,"column":33}},"53":{"start":{"line":54,"column":0},"end":{"line":54,"column":42}},"54":{"start":{"line":55,"column":0},"end":{"line":55,"column":0}},"55":{"start":{"line":56,"column":0},"end":{"line":56,"column":25}},"56":{"start":{"line":57,"column":0},"end":{"line":57,"column":0}},"57":{"start":{"line":58,"column":0},"end":{"line":58,"column":40}},"58":{"start":{"line":59,"column":0},"end":{"line":59,"column":31}},"59":{"start":{"line":60,"column":0},"end":{"line":60,"column":3}},"60":{"start":{"line":61,"column":0},"end":{"line":61,"column":0}},"61":{"start":{"line":62,"column":0},"end":{"line":62,"column":5}},"62":{"start":{"line":63,"column":0},"end":{"line":63,"column":24}},"63":{"start":{"line":64,"column":0},"end":{"line":64,"column":5}},"64":{"start":{"line":65,"column":0},"end":{"line":65,"column":16}},"65":{"start":{"line":66,"column":0},"end":{"line":66,"column":33}},"66":{"start":{"line":67,"column":0},"end":{"line":67,"column":41}},"67":{"start":{"line":68,"column":0},"end":{"line":68,"column":0}},"68":{"start":{"line":69,"column":0},"end":{"line":69,"column":25}},"69":{"start":{"line":70,"column":0},"end":{"line":70,"column":44}},"70":{"start":{"line":71,"column":0},"end":{"line":71,"column":5}},"71":{"start":{"line":72,"column":0},"end":{"line":72,"column":51}},"72":{"start":{"line":73,"column":0},"end":{"line":73,"column":27}},"73":{"start":{"line":74,"column":0},"end":{"line":74,"column":54}},"74":{"start":{"line":75,"column":0},"end":{"line":75,"column":30}},"75":{"start":{"line":76,"column":0},"end":{"line":76,"column":51}},"76":{"start":{"line":77,"column":0},"end":{"line":77,"column":29}},"77":{"start":{"line":78,"column":0},"end":{"line":78,"column":37}},"78":{"start":{"line":79,"column":0},"end":{"line":79,"column":56}},"79":{"start":{"line":80,"column":0},"end":{"line":80,"column":8}},"80":{"start":{"line":81,"column":0},"end":{"line":81,"column":50}},"81":{"start":{"line":82,"column":0},"end":{"line":82,"column":7}},"82":{"start":{"line":83,"column":0},"end":{"line":83,"column":29}},"83":{"start":{"line":84,"column":0},"end":{"line":84,"column":0}},"84":{"start":{"line":85,"column":0},"end":{"line":85,"column":39}},"85":{"start":{"line":86,"column":0},"end":{"line":86,"column":31}},"86":{"start":{"line":87,"column":0},"end":{"line":87,"column":3}},"87":{"start":{"line":88,"column":0},"end":{"line":88,"column":0}},"88":{"start":{"line":89,"column":0},"end":{"line":89,"column":5}},"89":{"start":{"line":90,"column":0},"end":{"line":90,"column":21}},"90":{"start":{"line":91,"column":0},"end":{"line":91,"column":5}},"91":{"start":{"line":92,"column":0},"end":{"line":92,"column":16}},"92":{"start":{"line":93,"column":0},"end":{"line":93,"column":32}},"93":{"start":{"line":94,"column":0},"end":{"line":94,"column":41}},"94":{"start":{"line":95,"column":0},"end":{"line":95,"column":0}},"95":{"start":{"line":96,"column":0},"end":{"line":96,"column":26}},"96":{"start":{"line":97,"column":0},"end":{"line":97,"column":0}},"97":{"start":{"line":98,"column":0},"end":{"line":98,"column":39}},"98":{"start":{"line":99,"column":0},"end":{"line":99,"column":30}},"99":{"start":{"line":100,"column":0},"end":{"line":100,"column":3}},"100":{"start":{"line":101,"column":0},"end":{"line":101,"column":0}},"101":{"start":{"line":102,"column":0},"end":{"line":102,"column":5}},"102":{"start":{"line":103,"column":0},"end":{"line":103,"column":53}},"103":{"start":{"line":104,"column":0},"end":{"line":104,"column":4}},"104":{"start":{"line":105,"column":0},"end":{"line":105,"column":46}},"105":{"start":{"line":106,"column":0},"end":{"line":106,"column":45}},"106":{"start":{"line":107,"column":0},"end":{"line":107,"column":26}},"107":{"start":{"line":108,"column":0},"end":{"line":108,"column":5}},"108":{"start":{"line":109,"column":0},"end":{"line":109,"column":46}},"109":{"start":{"line":110,"column":0},"end":{"line":110,"column":35}},"110":{"start":{"line":111,"column":0},"end":{"line":111,"column":29}},"111":{"start":{"line":112,"column":0},"end":{"line":112,"column":36}},"112":{"start":{"line":113,"column":0},"end":{"line":113,"column":36}},"113":{"start":{"line":114,"column":0},"end":{"line":114,"column":80}},"114":{"start":{"line":115,"column":0},"end":{"line":115,"column":26}},"115":{"start":{"line":116,"column":0},"end":{"line":116,"column":33}},"116":{"start":{"line":117,"column":0},"end":{"line":117,"column":64}},"117":{"start":{"line":118,"column":0},"end":{"line":118,"column":11}},"118":{"start":{"line":119,"column":0},"end":{"line":119,"column":56}},"119":{"start":{"line":120,"column":0},"end":{"line":120,"column":33}},"120":{"start":{"line":121,"column":0},"end":{"line":121,"column":62}},"121":{"start":{"line":122,"column":0},"end":{"line":122,"column":11}},"122":{"start":{"line":123,"column":0},"end":{"line":123,"column":20}},"123":{"start":{"line":124,"column":0},"end":{"line":124,"column":7}},"124":{"start":{"line":125,"column":0},"end":{"line":125,"column":11}},"125":{"start":{"line":126,"column":0},"end":{"line":126,"column":39}},"126":{"start":{"line":127,"column":0},"end":{"line":127,"column":0}},"127":{"start":{"line":128,"column":0},"end":{"line":128,"column":17}},"128":{"start":{"line":129,"column":0},"end":{"line":129,"column":3}},"129":{"start":{"line":130,"column":0},"end":{"line":130,"column":0}},"130":{"start":{"line":131,"column":0},"end":{"line":131,"column":5}},"131":{"start":{"line":132,"column":0},"end":{"line":132,"column":18}},"132":{"start":{"line":133,"column":0},"end":{"line":133,"column":4}},"133":{"start":{"line":134,"column":0},"end":{"line":134,"column":38}},"134":{"start":{"line":135,"column":0},"end":{"line":135,"column":26}},"135":{"start":{"line":136,"column":0},"end":{"line":136,"column":5}},"136":{"start":{"line":137,"column":0},"end":{"line":137,"column":50}},"137":{"start":{"line":138,"column":0},"end":{"line":138,"column":32}},"138":{"start":{"line":139,"column":0},"end":{"line":139,"column":38}},"139":{"start":{"line":140,"column":0},"end":{"line":140,"column":67}},"140":{"start":{"line":141,"column":0},"end":{"line":141,"column":23}},"141":{"start":{"line":142,"column":0},"end":{"line":142,"column":20}},"142":{"start":{"line":143,"column":0},"end":{"line":143,"column":7}},"143":{"start":{"line":144,"column":0},"end":{"line":144,"column":0}},"144":{"start":{"line":145,"column":0},"end":{"line":145,"column":22}},"145":{"start":{"line":146,"column":0},"end":{"line":146,"column":19}},"146":{"start":{"line":147,"column":0},"end":{"line":147,"column":7}},"147":{"start":{"line":148,"column":0},"end":{"line":148,"column":3}},"148":{"start":{"line":149,"column":0},"end":{"line":149,"column":0}},"149":{"start":{"line":150,"column":0},"end":{"line":150,"column":5}},"150":{"start":{"line":151,"column":0},"end":{"line":151,"column":21}},"151":{"start":{"line":152,"column":0},"end":{"line":152,"column":4}},"152":{"start":{"line":153,"column":0},"end":{"line":153,"column":40}},"153":{"start":{"line":154,"column":0},"end":{"line":154,"column":5}},"154":{"start":{"line":155,"column":0},"end":{"line":155,"column":55}},"155":{"start":{"line":156,"column":0},"end":{"line":156,"column":61}},"156":{"start":{"line":157,"column":0},"end":{"line":157,"column":22}},"157":{"start":{"line":158,"column":0},"end":{"line":158,"column":15}},"158":{"start":{"line":159,"column":0},"end":{"line":159,"column":7}},"159":{"start":{"line":160,"column":0},"end":{"line":160,"column":32}},"160":{"start":{"line":161,"column":0},"end":{"line":161,"column":0}},"161":{"start":{"line":162,"column":0},"end":{"line":162,"column":25}},"162":{"start":{"line":163,"column":0},"end":{"line":163,"column":3}},"163":{"start":{"line":164,"column":0},"end":{"line":164,"column":0}},"164":{"start":{"line":165,"column":0},"end":{"line":165,"column":5}},"165":{"start":{"line":166,"column":0},"end":{"line":166,"column":51}},"166":{"start":{"line":167,"column":0},"end":{"line":167,"column":4}},"167":{"start":{"line":168,"column":0},"end":{"line":168,"column":46}},"168":{"start":{"line":169,"column":0},"end":{"line":169,"column":45}},"169":{"start":{"line":170,"column":0},"end":{"line":170,"column":26}},"170":{"start":{"line":171,"column":0},"end":{"line":171,"column":5}},"171":{"start":{"line":172,"column":0},"end":{"line":172,"column":48}},"172":{"start":{"line":173,"column":0},"end":{"line":173,"column":35}},"173":{"start":{"line":174,"column":0},"end":{"line":174,"column":29}},"174":{"start":{"line":175,"column":0},"end":{"line":175,"column":37}},"175":{"start":{"line":176,"column":0},"end":{"line":176,"column":40}},"176":{"start":{"line":177,"column":0},"end":{"line":177,"column":26}},"177":{"start":{"line":178,"column":0},"end":{"line":178,"column":36}},"178":{"start":{"line":179,"column":0},"end":{"line":179,"column":67}},"179":{"start":{"line":180,"column":0},"end":{"line":180,"column":11}},"180":{"start":{"line":181,"column":0},"end":{"line":181,"column":59}},"181":{"start":{"line":182,"column":0},"end":{"line":182,"column":36}},"182":{"start":{"line":183,"column":0},"end":{"line":183,"column":65}},"183":{"start":{"line":184,"column":0},"end":{"line":184,"column":11}},"184":{"start":{"line":185,"column":0},"end":{"line":185,"column":20}},"185":{"start":{"line":186,"column":0},"end":{"line":186,"column":7}},"186":{"start":{"line":187,"column":0},"end":{"line":187,"column":11}},"187":{"start":{"line":188,"column":0},"end":{"line":188,"column":45}},"188":{"start":{"line":189,"column":0},"end":{"line":189,"column":0}},"189":{"start":{"line":190,"column":0},"end":{"line":190,"column":20}},"190":{"start":{"line":191,"column":0},"end":{"line":191,"column":3}},"191":{"start":{"line":192,"column":0},"end":{"line":192,"column":0}},"192":{"start":{"line":193,"column":0},"end":{"line":193,"column":5}},"193":{"start":{"line":194,"column":0},"end":{"line":194,"column":22}},"194":{"start":{"line":195,"column":0},"end":{"line":195,"column":4}},"195":{"start":{"line":196,"column":0},"end":{"line":196,"column":44}},"196":{"start":{"line":197,"column":0},"end":{"line":197,"column":26}},"197":{"start":{"line":198,"column":0},"end":{"line":198,"column":5}},"198":{"start":{"line":199,"column":0},"end":{"line":199,"column":52}},"199":{"start":{"line":200,"column":0},"end":{"line":200,"column":35}},"200":{"start":{"line":201,"column":0},"end":{"line":201,"column":39}},"201":{"start":{"line":202,"column":0},"end":{"line":202,"column":73}},"202":{"start":{"line":203,"column":0},"end":{"line":203,"column":26}},"203":{"start":{"line":204,"column":0},"end":{"line":204,"column":20}},"204":{"start":{"line":205,"column":0},"end":{"line":205,"column":7}},"205":{"start":{"line":206,"column":0},"end":{"line":206,"column":0}},"206":{"start":{"line":207,"column":0},"end":{"line":207,"column":23}},"207":{"start":{"line":208,"column":0},"end":{"line":208,"column":19}},"208":{"start":{"line":209,"column":0},"end":{"line":209,"column":7}},"209":{"start":{"line":210,"column":0},"end":{"line":210,"column":3}},"210":{"start":{"line":211,"column":0},"end":{"line":211,"column":0}},"211":{"start":{"line":212,"column":0},"end":{"line":212,"column":5}},"212":{"start":{"line":213,"column":0},"end":{"line":213,"column":24}},"213":{"start":{"line":214,"column":0},"end":{"line":214,"column":4}},"214":{"start":{"line":215,"column":0},"end":{"line":215,"column":43}},"215":{"start":{"line":216,"column":0},"end":{"line":216,"column":5}},"216":{"start":{"line":217,"column":0},"end":{"line":217,"column":57}},"217":{"start":{"line":218,"column":0},"end":{"line":218,"column":67}},"218":{"start":{"line":219,"column":0},"end":{"line":219,"column":23}},"219":{"start":{"line":220,"column":0},"end":{"line":220,"column":15}},"220":{"start":{"line":221,"column":0},"end":{"line":221,"column":7}},"221":{"start":{"line":222,"column":0},"end":{"line":222,"column":35}},"222":{"start":{"line":223,"column":0},"end":{"line":223,"column":0}},"223":{"start":{"line":224,"column":0},"end":{"line":224,"column":28}},"224":{"start":{"line":225,"column":0},"end":{"line":225,"column":3}},"225":{"start":{"line":226,"column":0},"end":{"line":226,"column":0}},"226":{"start":{"line":227,"column":0},"end":{"line":227,"column":5}},"227":{"start":{"line":228,"column":0},"end":{"line":228,"column":61}},"228":{"start":{"line":229,"column":0},"end":{"line":229,"column":4}},"229":{"start":{"line":230,"column":0},"end":{"line":230,"column":84}},"230":{"start":{"line":231,"column":0},"end":{"line":231,"column":46}},"231":{"start":{"line":232,"column":0},"end":{"line":232,"column":26}},"232":{"start":{"line":233,"column":0},"end":{"line":233,"column":5}},"233":{"start":{"line":234,"column":0},"end":{"line":234,"column":53}},"234":{"start":{"line":235,"column":0},"end":{"line":235,"column":32}},"235":{"start":{"line":236,"column":0},"end":{"line":236,"column":35}},"236":{"start":{"line":237,"column":0},"end":{"line":237,"column":51}},"237":{"start":{"line":238,"column":0},"end":{"line":238,"column":45}},"238":{"start":{"line":239,"column":0},"end":{"line":239,"column":3}},"239":{"start":{"line":240,"column":0},"end":{"line":240,"column":0}},"240":{"start":{"line":241,"column":0},"end":{"line":241,"column":5}},"241":{"start":{"line":242,"column":0},"end":{"line":242,"column":62}},"242":{"start":{"line":243,"column":0},"end":{"line":243,"column":4}},"243":{"start":{"line":244,"column":0},"end":{"line":244,"column":52}},"244":{"start":{"line":245,"column":0},"end":{"line":245,"column":45}},"245":{"start":{"line":246,"column":0},"end":{"line":246,"column":48}},"246":{"start":{"line":247,"column":0},"end":{"line":247,"column":5}},"247":{"start":{"line":248,"column":0},"end":{"line":248,"column":77}},"248":{"start":{"line":249,"column":0},"end":{"line":249,"column":32}},"249":{"start":{"line":250,"column":0},"end":{"line":250,"column":35}},"250":{"start":{"line":251,"column":0},"end":{"line":251,"column":63}},"251":{"start":{"line":252,"column":0},"end":{"line":252,"column":57}},"252":{"start":{"line":253,"column":0},"end":{"line":253,"column":3}},"253":{"start":{"line":254,"column":0},"end":{"line":254,"column":0}},"254":{"start":{"line":255,"column":0},"end":{"line":255,"column":5}},"255":{"start":{"line":256,"column":0},"end":{"line":256,"column":29}},"256":{"start":{"line":257,"column":0},"end":{"line":257,"column":4}},"257":{"start":{"line":258,"column":0},"end":{"line":258,"column":52}},"258":{"start":{"line":259,"column":0},"end":{"line":259,"column":45}},"259":{"start":{"line":260,"column":0},"end":{"line":260,"column":48}},"260":{"start":{"line":261,"column":0},"end":{"line":261,"column":5}},"261":{"start":{"line":262,"column":0},"end":{"line":262,"column":66}},"262":{"start":{"line":263,"column":0},"end":{"line":263,"column":32}},"263":{"start":{"line":264,"column":0},"end":{"line":264,"column":35}},"264":{"start":{"line":265,"column":0},"end":{"line":265,"column":63}},"265":{"start":{"line":266,"column":0},"end":{"line":266,"column":48}},"266":{"start":{"line":267,"column":0},"end":{"line":267,"column":3}},"267":{"start":{"line":268,"column":0},"end":{"line":268,"column":0}},"268":{"start":{"line":269,"column":0},"end":{"line":269,"column":5}},"269":{"start":{"line":270,"column":0},"end":{"line":270,"column":65}},"270":{"start":{"line":271,"column":0},"end":{"line":271,"column":4}},"271":{"start":{"line":272,"column":0},"end":{"line":272,"column":57}},"272":{"start":{"line":273,"column":0},"end":{"line":273,"column":45}},"273":{"start":{"line":274,"column":0},"end":{"line":274,"column":48}},"274":{"start":{"line":275,"column":0},"end":{"line":275,"column":5}},"275":{"start":{"line":276,"column":0},"end":{"line":276,"column":21}},"276":{"start":{"line":277,"column":0},"end":{"line":277,"column":67}},"277":{"start":{"line":278,"column":0},"end":{"line":278,"column":4}},"278":{"start":{"line":279,"column":0},"end":{"line":279,"column":32}},"279":{"start":{"line":280,"column":0},"end":{"line":280,"column":67}},"280":{"start":{"line":281,"column":0},"end":{"line":281,"column":51}},"281":{"start":{"line":282,"column":0},"end":{"line":282,"column":3}},"282":{"start":{"line":283,"column":0},"end":{"line":283,"column":0}},"283":{"start":{"line":284,"column":0},"end":{"line":284,"column":5}},"284":{"start":{"line":285,"column":0},"end":{"line":285,"column":51}},"285":{"start":{"line":286,"column":0},"end":{"line":286,"column":4}},"286":{"start":{"line":287,"column":0},"end":{"line":287,"column":49}},"287":{"start":{"line":288,"column":0},"end":{"line":288,"column":54}},"288":{"start":{"line":289,"column":0},"end":{"line":289,"column":45}},"289":{"start":{"line":290,"column":0},"end":{"line":290,"column":40}},"290":{"start":{"line":291,"column":0},"end":{"line":291,"column":5}},"291":{"start":{"line":292,"column":0},"end":{"line":292,"column":60}},"292":{"start":{"line":293,"column":0},"end":{"line":293,"column":26}},"293":{"start":{"line":294,"column":0},"end":{"line":294,"column":32}},"294":{"start":{"line":295,"column":0},"end":{"line":295,"column":35}},"295":{"start":{"line":296,"column":0},"end":{"line":296,"column":51}},"296":{"start":{"line":297,"column":0},"end":{"line":297,"column":25}},"297":{"start":{"line":298,"column":0},"end":{"line":298,"column":45}},"298":{"start":{"line":299,"column":0},"end":{"line":299,"column":29}},"299":{"start":{"line":300,"column":0},"end":{"line":300,"column":39}},"300":{"start":{"line":301,"column":0},"end":{"line":301,"column":75}},"301":{"start":{"line":302,"column":0},"end":{"line":302,"column":16}},"302":{"start":{"line":303,"column":0},"end":{"line":303,"column":65}},"303":{"start":{"line":304,"column":0},"end":{"line":304,"column":9}},"304":{"start":{"line":305,"column":0},"end":{"line":305,"column":23}},"305":{"start":{"line":306,"column":0},"end":{"line":306,"column":7}},"306":{"start":{"line":307,"column":0},"end":{"line":307,"column":5}},"307":{"start":{"line":308,"column":0},"end":{"line":308,"column":0}},"308":{"start":{"line":309,"column":0},"end":{"line":309,"column":62}},"309":{"start":{"line":310,"column":0},"end":{"line":310,"column":39}},"310":{"start":{"line":311,"column":0},"end":{"line":311,"column":3}},"311":{"start":{"line":312,"column":0},"end":{"line":312,"column":0}},"312":{"start":{"line":313,"column":0},"end":{"line":313,"column":5}},"313":{"start":{"line":314,"column":0},"end":{"line":314,"column":62}},"314":{"start":{"line":315,"column":0},"end":{"line":315,"column":4}},"315":{"start":{"line":316,"column":0},"end":{"line":316,"column":56}},"316":{"start":{"line":317,"column":0},"end":{"line":317,"column":53}},"317":{"start":{"line":318,"column":0},"end":{"line":318,"column":45}},"318":{"start":{"line":319,"column":0},"end":{"line":319,"column":40}},"319":{"start":{"line":320,"column":0},"end":{"line":320,"column":5}},"320":{"start":{"line":321,"column":0},"end":{"line":321,"column":24}},"321":{"start":{"line":322,"column":0},"end":{"line":322,"column":63}},"322":{"start":{"line":323,"column":0},"end":{"line":323,"column":4}},"323":{"start":{"line":324,"column":0},"end":{"line":324,"column":26}},"324":{"start":{"line":325,"column":0},"end":{"line":325,"column":32}},"325":{"start":{"line":326,"column":0},"end":{"line":326,"column":35}},"326":{"start":{"line":327,"column":0},"end":{"line":327,"column":63}},"327":{"start":{"line":328,"column":0},"end":{"line":328,"column":53}},"328":{"start":{"line":329,"column":0},"end":{"line":329,"column":26}},"329":{"start":{"line":330,"column":0},"end":{"line":330,"column":41}},"330":{"start":{"line":331,"column":0},"end":{"line":331,"column":20}},"331":{"start":{"line":332,"column":0},"end":{"line":332,"column":7}},"332":{"start":{"line":333,"column":0},"end":{"line":333,"column":6}},"333":{"start":{"line":334,"column":0},"end":{"line":334,"column":0}},"334":{"start":{"line":335,"column":0},"end":{"line":335,"column":18}},"335":{"start":{"line":336,"column":0},"end":{"line":336,"column":3}},"336":{"start":{"line":337,"column":0},"end":{"line":337,"column":0}},"337":{"start":{"line":338,"column":0},"end":{"line":338,"column":5}},"338":{"start":{"line":339,"column":0},"end":{"line":339,"column":36}},"339":{"start":{"line":340,"column":0},"end":{"line":340,"column":4}},"340":{"start":{"line":341,"column":0},"end":{"line":341,"column":56}},"341":{"start":{"line":342,"column":0},"end":{"line":342,"column":52}},"342":{"start":{"line":343,"column":0},"end":{"line":343,"column":45}},"343":{"start":{"line":344,"column":0},"end":{"line":344,"column":40}},"344":{"start":{"line":345,"column":0},"end":{"line":345,"column":5}},"345":{"start":{"line":346,"column":0},"end":{"line":346,"column":62}},"346":{"start":{"line":347,"column":0},"end":{"line":347,"column":26}},"347":{"start":{"line":348,"column":0},"end":{"line":348,"column":32}},"348":{"start":{"line":349,"column":0},"end":{"line":349,"column":35}},"349":{"start":{"line":350,"column":0},"end":{"line":350,"column":52}},"350":{"start":{"line":351,"column":0},"end":{"line":351,"column":64}},"351":{"start":{"line":352,"column":0},"end":{"line":352,"column":3}},"352":{"start":{"line":353,"column":0},"end":{"line":353,"column":0}},"353":{"start":{"line":354,"column":0},"end":{"line":354,"column":5}},"354":{"start":{"line":355,"column":0},"end":{"line":355,"column":65}},"355":{"start":{"line":356,"column":0},"end":{"line":356,"column":4}},"356":{"start":{"line":357,"column":0},"end":{"line":357,"column":56}},"357":{"start":{"line":358,"column":0},"end":{"line":358,"column":57}},"358":{"start":{"line":359,"column":0},"end":{"line":359,"column":40}},"359":{"start":{"line":360,"column":0},"end":{"line":360,"column":5}},"360":{"start":{"line":361,"column":0},"end":{"line":361,"column":29}},"361":{"start":{"line":362,"column":0},"end":{"line":362,"column":67}},"362":{"start":{"line":363,"column":0},"end":{"line":363,"column":4}},"363":{"start":{"line":364,"column":0},"end":{"line":364,"column":26}},"364":{"start":{"line":365,"column":0},"end":{"line":365,"column":35}},"365":{"start":{"line":366,"column":0},"end":{"line":366,"column":67}},"366":{"start":{"line":367,"column":0},"end":{"line":367,"column":16}},"367":{"start":{"line":368,"column":0},"end":{"line":368,"column":70}},"368":{"start":{"line":369,"column":0},"end":{"line":369,"column":14}},"369":{"start":{"line":370,"column":0},"end":{"line":370,"column":15}},"370":{"start":{"line":371,"column":0},"end":{"line":371,"column":6}},"371":{"start":{"line":372,"column":0},"end":{"line":372,"column":48}},"372":{"start":{"line":373,"column":0},"end":{"line":373,"column":3}},"373":{"start":{"line":374,"column":0},"end":{"line":374,"column":0}},"374":{"start":{"line":375,"column":0},"end":{"line":375,"column":20}},"375":{"start":{"line":376,"column":0},"end":{"line":376,"column":16}},"376":{"start":{"line":377,"column":0},"end":{"line":377,"column":53}},"377":{"start":{"line":378,"column":0},"end":{"line":378,"column":48}},"378":{"start":{"line":379,"column":0},"end":{"line":379,"column":3}},"379":{"start":{"line":380,"column":0},"end":{"line":380,"column":0}},"380":{"start":{"line":381,"column":0},"end":{"line":381,"column":80}},"381":{"start":{"line":382,"column":0},"end":{"line":382,"column":47}},"382":{"start":{"line":383,"column":0},"end":{"line":383,"column":3}},"383":{"start":{"line":384,"column":0},"end":{"line":384,"column":0}},"384":{"start":{"line":385,"column":0},"end":{"line":385,"column":31}},"385":{"start":{"line":386,"column":0},"end":{"line":386,"column":26}},"386":{"start":{"line":387,"column":0},"end":{"line":387,"column":46}},"387":{"start":{"line":388,"column":0},"end":{"line":388,"column":45}},"388":{"start":{"line":389,"column":0},"end":{"line":389,"column":3}},"389":{"start":{"line":390,"column":0},"end":{"line":390,"column":0}},"390":{"start":{"line":391,"column":0},"end":{"line":391,"column":66}},"391":{"start":{"line":392,"column":0},"end":{"line":392,"column":58}},"392":{"start":{"line":393,"column":0},"end":{"line":393,"column":3}},"393":{"start":{"line":394,"column":0},"end":{"line":394,"column":0}},"394":{"start":{"line":395,"column":0},"end":{"line":395,"column":29}},"395":{"start":{"line":396,"column":0},"end":{"line":396,"column":27}},"396":{"start":{"line":397,"column":0},"end":{"line":397,"column":46}},"397":{"start":{"line":398,"column":0},"end":{"line":398,"column":46}},"398":{"start":{"line":399,"column":0},"end":{"line":399,"column":3}},"399":{"start":{"line":400,"column":0},"end":{"line":400,"column":0}},"400":{"start":{"line":401,"column":0},"end":{"line":401,"column":32}},"401":{"start":{"line":402,"column":0},"end":{"line":402,"column":30}},"402":{"start":{"line":403,"column":0},"end":{"line":403,"column":46}},"403":{"start":{"line":404,"column":0},"end":{"line":404,"column":52}},"404":{"start":{"line":405,"column":0},"end":{"line":405,"column":3}},"405":{"start":{"line":406,"column":0},"end":{"line":406,"column":1}},"406":{"start":{"line":407,"column":0},"end":{"line":407,"column":0}},"407":{"start":{"line":408,"column":0},"end":{"line":408,"column":3}},"408":{"start":{"line":409,"column":0},"end":{"line":409,"column":29}},"409":{"start":{"line":410,"column":0},"end":{"line":410,"column":3}},"410":{"start":{"line":411,"column":0},"end":{"line":411,"column":83}},"411":{"start":{"line":412,"column":0},"end":{"line":412,"column":56}},"412":{"start":{"line":413,"column":0},"end":{"line":413,"column":87}},"413":{"start":{"line":414,"column":0},"end":{"line":414,"column":0}},"414":{"start":{"line":415,"column":0},"end":{"line":415,"column":3}},"415":{"start":{"line":416,"column":0},"end":{"line":416,"column":14}},"416":{"start":{"line":417,"column":0},"end":{"line":417,"column":3}},"417":{"start":{"line":418,"column":0},"end":{"line":418,"column":19}},"418":{"start":{"line":419,"column":0},"end":{"line":419,"column":21}},"419":{"start":{"line":420,"column":0},"end":{"line":420,"column":2}},"420":{"start":{"line":421,"column":0},"end":{"line":421,"column":0}},"421":{"start":{"line":422,"column":0},"end":{"line":422,"column":3}},"422":{"start":{"line":423,"column":0},"end":{"line":423,"column":16}},"423":{"start":{"line":424,"column":0},"end":{"line":424,"column":3}},"424":{"start":{"line":425,"column":0},"end":{"line":425,"column":21}},"425":{"start":{"line":426,"column":0},"end":{"line":426,"column":24}},"426":{"start":{"line":427,"column":0},"end":{"line":427,"column":10}},"427":{"start":{"line":428,"column":0},"end":{"line":428,"column":22}},"428":{"start":{"line":429,"column":0},"end":{"line":429,"column":106}},"429":{"start":{"line":430,"column":0},"end":{"line":430,"column":16}},"430":{"start":{"line":431,"column":0},"end":{"line":431,"column":14}},"431":{"start":{"line":432,"column":0},"end":{"line":432,"column":21}},"432":{"start":{"line":433,"column":0},"end":{"line":433,"column":2}},"433":{"start":{"line":434,"column":0},"end":{"line":434,"column":0}},"434":{"start":{"line":435,"column":0},"end":{"line":435,"column":60}}},"s":{"0":1,"1":1,"2":1,"3":1,"4":1,"5":1,"6":1,"7":1,"8":1,"9":1,"10":1,"11":1,"12":1,"13":1,"14":1,"15":1,"16":1,"17":1,"18":1,"19":1,"20":1,"21":1,"22":1,"23":1,"24":1,"25":1,"26":1,"27":1,"28":1,"29":1,"30":1,"31":1,"32":1,"33":1,"34":1,"35":21,"36":21,"37":21,"38":1,"39":1,"40":1,"41":1,"42":1,"43":1,"44":1,"45":1,"46":1,"47":1,"48":1,"49":1,"50":1,"51":1,"52":21,"53":21,"54":21,"55":21,"56":21,"57":21,"58":21,"59":21,"60":1,"61":1,"62":1,"63":1,"64":1,"65":29,"66":29,"67":29,"68":29,"69":2,"70":2,"71":27,"72":27,"73":27,"74":27,"75":27,"76":5,"77":5,"78":5,"79":5,"80":5,"81":27,"82":27,"83":27,"84":27,"85":27,"86":29,"87":1,"88":1,"89":1,"90":1,"91":1,"92":3,"93":3,"94":3,"95":3,"96":3,"97":3,"98":3,"99":3,"100":1,"101":1,"102":1,"103":1,"104":1,"105":1,"106":1,"107":1,"108":1,"109":12,"110":12,"111":12,"112":12,"113":6,"114":6,"115":5,"116":5,"117":5,"118":5,"119":5,"120":5,"121":5,"122":5,"123":5,"124":12,"125":12,"126":12,"127":12,"128":12,"129":1,"130":1,"131":1,"132":1,"133":1,"134":1,"135":1,"136":1,"137":2,"138":2,"139":2,"140":5,"141":3,"142":3,"143":2,"144":2,"145":2,"146":2,"147":2,"148":1,"149":1,"150":1,"151":1,"152":1,"153":1,"154":1,"155":3,"156":4,"157":4,"158":3,"159":3,"160":3,"161":3,"162":3,"163":1,"164":1,"165":1,"166":1,"167":1,"168":1,"169":1,"170":1,"171":1,"172":9,"173":9,"174":9,"175":9,"176":9,"177":8,"178":8,"179":8,"180":8,"181":8,"182":8,"183":8,"184":8,"185":8,"186":9,"187":9,"188":9,"189":9,"190":9,"191":1,"192":1,"193":1,"194":1,"195":1,"196":1,"197":1,"198":1,"199":2,"200":2,"201":2,"202":3,"203":1,"204":1,"205":2,"206":2,"207":2,"208":2,"209":2,"210":1,"211":1,"212":1,"213":1,"214":1,"215":1,"216":1,"217":3,"218":3,"219":3,"220":3,"221":3,"222":3,"223":3,"224":3,"225":1,"226":1,"227":1,"228":1,"229":1,"230":1,"231":1,"232":1,"233":1,"234":25,"235":25,"236":25,"237":25,"238":25,"239":1,"240":1,"241":1,"242":1,"243":1,"244":1,"245":1,"246":1,"247":1,"248":2,"249":2,"250":2,"251":2,"252":2,"253":1,"254":1,"255":1,"256":1,"257":1,"258":1,"259":1,"260":1,"261":1,"262":1,"263":1,"264":1,"265":1,"266":1,"267":1,"268":1,"269":1,"270":1,"271":1,"272":1,"273":1,"274":1,"275":1,"276":1,"277":1,"278":1,"279":1,"280":1,"281":1,"282":1,"283":1,"284":1,"285":1,"286":1,"287":1,"288":1,"289":1,"290":1,"291":1,"292":4,"293":4,"294":4,"295":4,"296":4,"297":4,"298":6,"299":5,"300":5,"301":5,"302":0,"303":0,"304":5,"305":5,"306":6,"307":4,"308":4,"309":4,"310":4,"311":1,"312":1,"313":1,"314":1,"315":1,"316":1,"317":1,"318":1,"319":1,"320":1,"321":2,"322":2,"323":2,"324":2,"325":2,"326":2,"327":2,"328":3,"329":2,"330":2,"331":2,"332":2,"333":2,"334":2,"335":2,"336":1,"337":1,"338":1,"339":1,"340":1,"341":1,"342":1,"343":1,"344":1,"345":1,"346":1,"347":1,"348":1,"349":1,"350":1,"351":1,"352":1,"353":1,"354":1,"355":1,"356":1,"357":1,"358":1,"359":1,"360":1,"361":0,"362":0,"363":0,"364":0,"365":0,"366":0,"367":0,"368":0,"369":0,"370":0,"371":0,"372":0,"373":1,"374":1,"375":56,"376":56,"377":56,"378":56,"379":1,"380":1,"381":48,"382":48,"383":1,"384":1,"385":5,"386":5,"387":5,"388":5,"389":1,"390":1,"391":135,"392":135,"393":1,"394":1,"395":15,"396":15,"397":15,"398":15,"399":1,"400":1,"401":24,"402":24,"403":24,"404":24,"405":1,"406":1,"407":1,"408":1,"409":1,"410":1,"411":1,"412":1,"413":1,"414":1,"415":1,"416":1,"417":1,"418":1,"419":1,"420":1,"421":1,"422":1,"423":1,"424":1,"425":1,"426":1,"427":1,"428":1,"429":1,"430":1,"431":1,"432":1,"433":1,"434":1},"branchMap":{"0":{"type":"branch","line":35,"loc":{"start":{"line":35,"column":2},"end":{"line":38,"column":3}},"locations":[{"start":{"line":35,"column":2},"end":{"line":38,"column":3}}]},"1":{"type":"branch","line":36,"loc":{"start":{"line":36,"column":25},"end":{"line":36,"column":44}},"locations":[{"start":{"line":36,"column":25},"end":{"line":36,"column":44}}]},"2":{"type":"branch","line":45,"loc":{"start":{"line":45,"column":2},"end":{"line":47,"column":3}},"locations":[{"start":{"line":45,"column":2},"end":{"line":47,"column":3}}]},"3":{"type":"branch","line":52,"loc":{"start":{"line":52,"column":2},"end":{"line":60,"column":3}},"locations":[{"start":{"line":52,"column":2},"end":{"line":60,"column":3}}]},"4":{"type":"branch","line":65,"loc":{"start":{"line":65,"column":2},"end":{"line":87,"column":3}},"locations":[{"start":{"line":65,"column":2},"end":{"line":87,"column":3}}]},"5":{"type":"branch","line":69,"loc":{"start":{"line":69,"column":24},"end":{"line":71,"column":5}},"locations":[{"start":{"line":69,"column":24},"end":{"line":71,"column":5}}]},"6":{"type":"branch","line":71,"loc":{"start":{"line":71,"column":4},"end":{"line":86,"column":31}},"locations":[{"start":{"line":71,"column":4},"end":{"line":86,"column":31}}]},"7":{"type":"branch","line":72,"loc":{"start":{"line":72,"column":30},"end":{"line":72,"column":49}},"locations":[{"start":{"line":72,"column":30},"end":{"line":72,"column":49}}]},"8":{"type":"branch","line":74,"loc":{"start":{"line":74,"column":33},"end":{"line":74,"column":52}},"locations":[{"start":{"line":74,"column":33},"end":{"line":74,"column":52}}]},"9":{"type":"branch","line":76,"loc":{"start":{"line":76,"column":32},"end":{"line":82,"column":5}},"locations":[{"start":{"line":76,"column":32},"end":{"line":82,"column":5}}]},"10":{"type":"branch","line":92,"loc":{"start":{"line":92,"column":2},"end":{"line":100,"column":3}},"locations":[{"start":{"line":92,"column":2},"end":{"line":100,"column":3}}]},"11":{"type":"branch","line":109,"loc":{"start":{"line":109,"column":2},"end":{"line":129,"column":3}},"locations":[{"start":{"line":109,"column":2},"end":{"line":129,"column":3}}]},"12":{"type":"branch","line":113,"loc":{"start":{"line":113,"column":29},"end":{"line":125,"column":7}},"locations":[{"start":{"line":113,"column":29},"end":{"line":125,"column":7}}]},"13":{"type":"branch","line":115,"loc":{"start":{"line":115,"column":25},"end":{"line":124,"column":7}},"locations":[{"start":{"line":115,"column":25},"end":{"line":124,"column":7}}]},"14":{"type":"branch","line":114,"loc":{"start":{"line":114,"column":61},"end":{"line":114,"column":78}},"locations":[{"start":{"line":114,"column":61},"end":{"line":114,"column":78}}]},"15":{"type":"branch","line":117,"loc":{"start":{"line":117,"column":20},"end":{"line":117,"column":64}},"locations":[{"start":{"line":117,"column":20},"end":{"line":117,"column":64}}]},"16":{"type":"branch","line":121,"loc":{"start":{"line":121,"column":20},"end":{"line":121,"column":62}},"locations":[{"start":{"line":121,"column":20},"end":{"line":121,"column":62}}]},"17":{"type":"branch","line":137,"loc":{"start":{"line":137,"column":2},"end":{"line":148,"column":3}},"locations":[{"start":{"line":137,"column":2},"end":{"line":148,"column":3}}]},"18":{"type":"branch","line":140,"loc":{"start":{"line":140,"column":59},"end":{"line":147,"column":5}},"locations":[{"start":{"line":140,"column":59},"end":{"line":147,"column":5}}]},"19":{"type":"branch","line":141,"loc":{"start":{"line":141,"column":22},"end":{"line":143,"column":7}},"locations":[{"start":{"line":141,"column":22},"end":{"line":143,"column":7}}]},"20":{"type":"branch","line":143,"loc":{"start":{"line":143,"column":6},"end":{"line":146,"column":19}},"locations":[{"start":{"line":143,"column":6},"end":{"line":146,"column":19}}]},"21":{"type":"branch","line":155,"loc":{"start":{"line":155,"column":2},"end":{"line":163,"column":3}},"locations":[{"start":{"line":155,"column":2},"end":{"line":163,"column":3}}]},"22":{"type":"branch","line":156,"loc":{"start":{"line":156,"column":53},"end":{"line":159,"column":5}},"locations":[{"start":{"line":156,"column":53},"end":{"line":159,"column":5}}]},"23":{"type":"branch","line":172,"loc":{"start":{"line":172,"column":2},"end":{"line":191,"column":3}},"locations":[{"start":{"line":172,"column":2},"end":{"line":191,"column":3}}]},"24":{"type":"branch","line":176,"loc":{"start":{"line":176,"column":33},"end":{"line":187,"column":7}},"locations":[{"start":{"line":176,"column":33},"end":{"line":187,"column":7}}]},"25":{"type":"branch","line":177,"loc":{"start":{"line":177,"column":25},"end":{"line":186,"column":7}},"locations":[{"start":{"line":177,"column":25},"end":{"line":186,"column":7}}]},"26":{"type":"branch","line":179,"loc":{"start":{"line":179,"column":20},"end":{"line":179,"column":67}},"locations":[{"start":{"line":179,"column":20},"end":{"line":179,"column":67}}]},"27":{"type":"branch","line":183,"loc":{"start":{"line":183,"column":20},"end":{"line":183,"column":65}},"locations":[{"start":{"line":183,"column":20},"end":{"line":183,"column":65}}]},"28":{"type":"branch","line":199,"loc":{"start":{"line":199,"column":2},"end":{"line":210,"column":3}},"locations":[{"start":{"line":199,"column":2},"end":{"line":210,"column":3}}]},"29":{"type":"branch","line":202,"loc":{"start":{"line":202,"column":65},"end":{"line":209,"column":5}},"locations":[{"start":{"line":202,"column":65},"end":{"line":209,"column":5}}]},"30":{"type":"branch","line":203,"loc":{"start":{"line":203,"column":25},"end":{"line":205,"column":7}},"locations":[{"start":{"line":203,"column":25},"end":{"line":205,"column":7}}]},"31":{"type":"branch","line":205,"loc":{"start":{"line":205,"column":6},"end":{"line":208,"column":19}},"locations":[{"start":{"line":205,"column":6},"end":{"line":208,"column":19}}]},"32":{"type":"branch","line":217,"loc":{"start":{"line":217,"column":2},"end":{"line":225,"column":3}},"locations":[{"start":{"line":217,"column":2},"end":{"line":225,"column":3}}]},"33":{"type":"branch","line":218,"loc":{"start":{"line":218,"column":59},"end":{"line":221,"column":5}},"locations":[{"start":{"line":218,"column":59},"end":{"line":221,"column":5}}]},"34":{"type":"branch","line":234,"loc":{"start":{"line":234,"column":2},"end":{"line":239,"column":3}},"locations":[{"start":{"line":234,"column":2},"end":{"line":239,"column":3}}]},"35":{"type":"branch","line":248,"loc":{"start":{"line":248,"column":2},"end":{"line":253,"column":3}},"locations":[{"start":{"line":248,"column":2},"end":{"line":253,"column":3}}]},"36":{"type":"branch","line":262,"loc":{"start":{"line":262,"column":2},"end":{"line":267,"column":3}},"locations":[{"start":{"line":262,"column":2},"end":{"line":267,"column":3}}]},"37":{"type":"branch","line":276,"loc":{"start":{"line":276,"column":2},"end":{"line":282,"column":3}},"locations":[{"start":{"line":276,"column":2},"end":{"line":282,"column":3}}]},"38":{"type":"branch","line":292,"loc":{"start":{"line":292,"column":2},"end":{"line":311,"column":3}},"locations":[{"start":{"line":292,"column":2},"end":{"line":311,"column":3}}]},"39":{"type":"branch","line":298,"loc":{"start":{"line":298,"column":4},"end":{"line":307,"column":5}},"locations":[{"start":{"line":298,"column":4},"end":{"line":307,"column":5}}]},"40":{"type":"branch","line":299,"loc":{"start":{"line":299,"column":28},"end":{"line":306,"column":7}},"locations":[{"start":{"line":299,"column":28},"end":{"line":306,"column":7}}]},"41":{"type":"branch","line":302,"loc":{"start":{"line":302,"column":8},"end":{"line":304,"column":9}},"locations":[{"start":{"line":302,"column":8},"end":{"line":304,"column":9}}]},"42":{"type":"branch","line":321,"loc":{"start":{"line":321,"column":2},"end":{"line":336,"column":3}},"locations":[{"start":{"line":321,"column":2},"end":{"line":336,"column":3}}]},"43":{"type":"branch","line":328,"loc":{"start":{"line":328,"column":40},"end":{"line":333,"column":5}},"locations":[{"start":{"line":328,"column":40},"end":{"line":333,"column":5}}]},"44":{"type":"branch","line":329,"loc":{"start":{"line":329,"column":25},"end":{"line":332,"column":7}},"locations":[{"start":{"line":329,"column":25},"end":{"line":332,"column":7}}]},"45":{"type":"branch","line":346,"loc":{"start":{"line":346,"column":2},"end":{"line":352,"column":3}},"locations":[{"start":{"line":346,"column":2},"end":{"line":352,"column":3}}]},"46":{"type":"branch","line":375,"loc":{"start":{"line":375,"column":10},"end":{"line":379,"column":3}},"locations":[{"start":{"line":375,"column":10},"end":{"line":379,"column":3}}]},"47":{"type":"branch","line":381,"loc":{"start":{"line":381,"column":10},"end":{"line":383,"column":3}},"locations":[{"start":{"line":381,"column":10},"end":{"line":383,"column":3}}]},"48":{"type":"branch","line":385,"loc":{"start":{"line":385,"column":10},"end":{"line":389,"column":3}},"locations":[{"start":{"line":385,"column":10},"end":{"line":389,"column":3}}]},"49":{"type":"branch","line":391,"loc":{"start":{"line":391,"column":10},"end":{"line":393,"column":3}},"locations":[{"start":{"line":391,"column":10},"end":{"line":393,"column":3}}]},"50":{"type":"branch","line":395,"loc":{"start":{"line":395,"column":10},"end":{"line":399,"column":3}},"locations":[{"start":{"line":395,"column":10},"end":{"line":399,"column":3}}]},"51":{"type":"branch","line":401,"loc":{"start":{"line":401,"column":10},"end":{"line":405,"column":3}},"locations":[{"start":{"line":401,"column":10},"end":{"line":405,"column":3}}]}},"b":{"0":[21],"1":[0],"2":[1],"3":[21],"4":[29],"5":[2],"6":[27],"7":[15],"8":[24],"9":[5],"10":[3],"11":[12],"12":[6],"13":[5],"14":[10],"15":[5],"16":[5],"17":[2],"18":[5],"19":[3],"20":[2],"21":[3],"22":[4],"23":[9],"24":[9],"25":[8],"26":[8],"27":[8],"28":[2],"29":[3],"30":[1],"31":[2],"32":[3],"33":[3],"34":[25],"35":[2],"36":[1],"37":[1],"38":[4],"39":[6],"40":[5],"41":[0],"42":[2],"43":[3],"44":[2],"45":[1],"46":[56],"47":[48],"48":[5],"49":[135],"50":[15],"51":[24]},"fnMap":{"0":{"name":"Reactor","decl":{"start":{"line":35,"column":2},"end":{"line":38,"column":3}},"loc":{"start":{"line":35,"column":2},"end":{"line":38,"column":3}},"line":35},"1":{"name":"get logger","decl":{"start":{"line":45,"column":2},"end":{"line":47,"column":3}},"loc":{"start":{"line":45,"column":2},"end":{"line":47,"column":3}},"line":45},"2":{"name":"start","decl":{"start":{"line":52,"column":2},"end":{"line":60,"column":3}},"loc":{"start":{"line":52,"column":2},"end":{"line":60,"column":3}},"line":52},"3":{"name":"tick","decl":{"start":{"line":65,"column":2},"end":{"line":87,"column":3}},"loc":{"start":{"line":65,"column":2},"end":{"line":87,"column":3}},"line":65},"4":{"name":"stop","decl":{"start":{"line":92,"column":2},"end":{"line":100,"column":3}},"loc":{"start":{"line":92,"column":2},"end":{"line":100,"column":3}},"line":92},"5":{"name":"setTimeout","decl":{"start":{"line":109,"column":2},"end":{"line":129,"column":3}},"loc":{"start":{"line":109,"column":2},"end":{"line":129,"column":3}},"line":109},"6":{"name":"callback","decl":{"start":{"line":117,"column":20},"end":{"line":117,"column":64}},"loc":{"start":{"line":117,"column":20},"end":{"line":117,"column":64}},"line":117},"7":{"name":"callback","decl":{"start":{"line":121,"column":20},"end":{"line":121,"column":62}},"loc":{"start":{"line":121,"column":20},"end":{"line":121,"column":62}},"line":121},"8":{"name":"clearTimeout","decl":{"start":{"line":137,"column":2},"end":{"line":148,"column":3}},"loc":{"start":{"line":137,"column":2},"end":{"line":148,"column":3}},"line":137},"9":{"name":"clearAllTimeouts","decl":{"start":{"line":155,"column":2},"end":{"line":163,"column":3}},"loc":{"start":{"line":155,"column":2},"end":{"line":163,"column":3}},"line":155},"10":{"name":"setInterval","decl":{"start":{"line":172,"column":2},"end":{"line":191,"column":3}},"loc":{"start":{"line":172,"column":2},"end":{"line":191,"column":3}},"line":172},"11":{"name":"callback","decl":{"start":{"line":179,"column":20},"end":{"line":179,"column":67}},"loc":{"start":{"line":179,"column":20},"end":{"line":179,"column":67}},"line":179},"12":{"name":"callback","decl":{"start":{"line":183,"column":20},"end":{"line":183,"column":65}},"loc":{"start":{"line":183,"column":20},"end":{"line":183,"column":65}},"line":183},"13":{"name":"clearInterval","decl":{"start":{"line":199,"column":2},"end":{"line":210,"column":3}},"loc":{"start":{"line":199,"column":2},"end":{"line":210,"column":3}},"line":199},"14":{"name":"clearAllIntervals","decl":{"start":{"line":217,"column":2},"end":{"line":225,"column":3}},"loc":{"start":{"line":217,"column":2},"end":{"line":225,"column":3}},"line":217},"15":{"name":"on","decl":{"start":{"line":234,"column":2},"end":{"line":239,"column":3}},"loc":{"start":{"line":234,"column":2},"end":{"line":239,"column":3}},"line":234},"16":{"name":"removeListener","decl":{"start":{"line":248,"column":2},"end":{"line":253,"column":3}},"loc":{"start":{"line":248,"column":2},"end":{"line":253,"column":3}},"line":248},"17":{"name":"off","decl":{"start":{"line":262,"column":2},"end":{"line":267,"column":3}},"loc":{"start":{"line":262,"column":2},"end":{"line":267,"column":3}},"line":262},"18":{"name":"removeAllListeners","decl":{"start":{"line":276,"column":2},"end":{"line":282,"column":3}},"loc":{"start":{"line":276,"column":2},"end":{"line":282,"column":3}},"line":276},"19":{"name":"onEmitter","decl":{"start":{"line":292,"column":2},"end":{"line":311,"column":3}},"loc":{"start":{"line":292,"column":2},"end":{"line":311,"column":3}},"line":292},"20":{"name":"listener","decl":{"start":{"line":298,"column":4},"end":{"line":307,"column":5}},"loc":{"start":{"line":298,"column":4},"end":{"line":307,"column":5}},"line":298},"21":{"name":"removeEmitterListener","decl":{"start":{"line":321,"column":2},"end":{"line":336,"column":3}},"loc":{"start":{"line":321,"column":2},"end":{"line":336,"column":3}},"line":321},"22":{"name":"offEmitter","decl":{"start":{"line":346,"column":2},"end":{"line":352,"column":3}},"loc":{"start":{"line":346,"column":2},"end":{"line":352,"column":3}},"line":346},"23":{"name":"removeAllEmitterlListeners","decl":{"start":{"line":361,"column":2},"end":{"line":373,"column":3}},"loc":{"start":{"line":361,"column":2},"end":{"line":373,"column":3}},"line":361},"24":{"name":"_logDebug","decl":{"start":{"line":375,"column":10},"end":{"line":379,"column":3}},"loc":{"start":{"line":375,"column":10},"end":{"line":379,"column":3}},"line":375},"25":{"name":"_logInfo","decl":{"start":{"line":381,"column":10},"end":{"line":383,"column":3}},"loc":{"start":{"line":381,"column":10},"end":{"line":383,"column":3}},"line":381},"26":{"name":"_enqueueEmittedEvent","decl":{"start":{"line":385,"column":10},"end":{"line":389,"column":3}},"loc":{"start":{"line":385,"column":10},"end":{"line":389,"column":3}},"line":385},"27":{"name":"_emitReactorEvent","decl":{"start":{"line":391,"column":10},"end":{"line":393,"column":3}},"loc":{"start":{"line":391,"column":10},"end":{"line":393,"column":3}},"line":391},"28":{"name":"_enqueueTimerEvent","decl":{"start":{"line":395,"column":10},"end":{"line":399,"column":3}},"loc":{"start":{"line":395,"column":10},"end":{"line":399,"column":3}},"line":395},"29":{"name":"_enqueueIntervalEvent","decl":{"start":{"line":401,"column":10},"end":{"line":405,"column":3}},"loc":{"start":{"line":401,"column":10},"end":{"line":405,"column":3}},"line":401}},"f":{"0":21,"1":1,"2":21,"3":29,"4":3,"5":12,"6":5,"7":5,"8":2,"9":3,"10":9,"11":8,"12":8,"13":2,"14":3,"15":25,"16":2,"17":1,"18":1,"19":4,"20":6,"21":2,"22":1,"23":0,"24":56,"25":48,"26":5,"27":135,"28":15,"29":24}}
}
